#
# There is insufficient memory for the Java Runtime Environment to continue.
# Native memory allocation (malloc) failed to allocate 1048576 bytes for AllocateHeap
# Possible reasons:
#   The system is out of physical RAM or swap space
#   In 32 bit mode, the process size limit was hit
# Possible solutions:
#   Reduce memory load on the system
#   Increase physical memory or swap space
#   Check if swap backing store is full
#   Use 64 bit Java on a 64 bit OS
#   Decrease Java heap size (-Xmx/-Xms)
#   Decrease number of Java threads
#   Decrease Java thread stack sizes (-Xss)
#   Set larger code cache with -XX:ReservedCodeCacheSize=
# This output file may be truncated or incomplete.
#
#  Out of Memory Error (memory/allocation.inline.hpp:61), pid=1336, tid=0x0000000000002cc8
#
# JRE version:  (8.0) (build )
# Java VM: OpenJDK 64-Bit Server VM (25.71-b00 mixed mode windows-amd64 compressed oops)
# Failed to write core dump. Minidumps are not enabled by default on client versions of Windows
#

---------------  T H R E A D  ---------------

Current thread (0x0000000002862800):  JavaThread "Unknown thread" [_thread_in_vm, id=11464, stack(0x0000000002760000,0x0000000002860000)]

Stack: [0x0000000002760000,0x0000000002860000]
[error occurred during error reporting (printing stack bounds), id 0xc0000005]

Native frames: (J=compiled Java code, j=interpreted, Vv=VM code, C=native code)


---------------  P R O C E S S  ---------------

Java Threads: ( => current thread )

Other Threads:

=>0x0000000002862800 (exited) JavaThread "Unknown thread" [_thread_in_vm, id=11464, stack(0x0000000002760000,0x0000000002860000)]

VM state:not at safepoint (normal execution)

VM Mutex/Monitor currently owned by a thread: None

Heap:
 PSYoungGen      total 57344K, used 983K [0x000000076ab00000, 0x000000076eb00000, 0x00000007c0000000)
  eden space 49152K, 2% used [0x000000076ab00000,0x000000076abf5c38,0x000000076db00000)
  from space 8192K, 0% used [0x000000076e300000,0x000000076e300000,0x000000076eb00000)
  to   space 8192K, 0% used [0x000000076db00000,0x000000076db00000,0x000000076e300000)
 ParOldGen       total 131072K, used 0K [0x00000006c0000000, 0x00000006c8000000, 0x000000076ab00000)
  object space 131072K, 0% used [0x00000006c0000000,0x00000006c0000000,0x00000006c8000000)
 Metaspace       used 777K, capacity 4480K, committed 4480K, reserved 1056768K
  class space    used 74K, capacity 384K, committed 384K, reserved 1048576K

Card table byte_map: [0x0000000011d20000,0x0000000012530000] byte_map_base: 0x000000000e720000

Marking Bits: (ParMarkBitMap*) 0x000000005890be50
 Begin Bits: [0x0000000013290000, 0x0000000017290000)
 End Bits:   [0x0000000017290000, 0x000000001b290000)

Polling page: 0x0000000000dc0000

CodeCache: size=245760Kb used=328Kb max_used=328Kb free=245431Kb
 bounds [0x0000000002960000, 0x0000000002bd0000, 0x0000000011960000]
 total_blobs=57 nmethods=0 adapters=38
 compilation: enabled

Compilation events (0 events):
No events

GC Heap History (0 events):
No events

Deoptimization events (0 events):
No events

Classes redefined (0 events):
No events

Internal exceptions (0 events):
No events

Events (10 events):
Event: 0.026 loading class java/lang/Short
Event: 0.026 loading class java/lang/Short done
Event: 0.026 loading class java/lang/Integer
Event: 0.026 loading class java/lang/Integer done
Event: 0.026 loading class java/lang/Long
Event: 0.027 loading class java/lang/Long done
Event: 0.027 loading class java/lang/NullPointerException
Event: 0.027 loading class java/lang/NullPointerException done
Event: 0.027 loading class java/lang/ArithmeticException
Event: 0.027 loading class java/lang/ArithmeticException done


Dynamic libraries:
0x00007ff710450000 - 0x00007ff710485000 	C:\Program Files\Unity\Hub\Editor\2021.3.18f1\Editor\Data\PlaybackEngines\AndroidPlayer\OpenJDK\bin\java.exe
0x00007ffcd6270000 - 0x00007ffcd6468000 	C:\Windows\SYSTEM32\ntdll.dll
0x00007ffcd5f10000 - 0x00007ffcd5fcf000 	C:\Windows\System32\KERNEL32.DLL
0x00007ffcd3c30000 - 0x00007ffcd3f26000 	C:\Windows\System32\KERNELBASE.dll
0x00007ffcd4ed0000 - 0x00007ffcd4f7f000 	C:\Windows\System32\ADVAPI32.dll
0x00007ffcd60f0000 - 0x00007ffcd618e000 	C:\Windows\System32\msvcrt.dll
0x00007ffcd6190000 - 0x00007ffcd622c000 	C:\Windows\System32\sechost.dll
0x00007ffcd5c00000 - 0x00007ffcd5d26000 	C:\Windows\System32\RPCRT4.dll
0x00007ffcd4500000 - 0x00007ffcd469d000 	C:\Windows\System32\USER32.dll
0x00007ffcd3b90000 - 0x00007ffcd3bb2000 	C:\Windows\System32\win32u.dll
0x00007ffcd5b10000 - 0x00007ffcd5b3c000 	C:\Windows\System32\GDI32.dll
0x00007ffcd39d0000 - 0x00007ffcd3ae5000 	C:\Windows\System32\gdi32full.dll
0x00007ffcd3af0000 - 0x00007ffcd3b8d000 	C:\Windows\System32\msvcp_win.dll
0x00007ffcd4140000 - 0x00007ffcd4240000 	C:\Windows\System32\ucrtbase.dll
0x00007ffcb8880000 - 0x00007ffcb8b1a000 	C:\Windows\WinSxS\amd64_microsoft.windows.common-controls_6595b64144ccf1df_6.0.19041.1110_none_60b5254171f9507e\COMCTL32.dll
0x00007ffcd5d30000 - 0x00007ffcd5d60000 	C:\Windows\System32\IMM32.DLL
0x0000000058990000 - 0x0000000058a62000 	C:\Program Files\Unity\Hub\Editor\2021.3.18f1\Editor\Data\PlaybackEngines\AndroidPlayer\OpenJDK\jre\bin\msvcr100.dll
0x0000000058140000 - 0x0000000058989000 	C:\Program Files\Unity\Hub\Editor\2021.3.18f1\Editor\Data\PlaybackEngines\AndroidPlayer\OpenJDK\jre\bin\server\jvm.dll
0x00007ffcd4f80000 - 0x00007ffcd4f88000 	C:\Windows\System32\PSAPI.DLL
0x00007ffcba340000 - 0x00007ffcba367000 	C:\Windows\SYSTEM32\WINMM.dll
0x00007ffcb0a70000 - 0x00007ffcb0a79000 	C:\Windows\SYSTEM32\WSOCK32.dll
0x00007ffccad20000 - 0x00007ffccad2a000 	C:\Windows\SYSTEM32\VERSION.dll
0x00007ffcd53c0000 - 0x00007ffcd542b000 	C:\Windows\System32\WS2_32.dll
0x00007ffcb0760000 - 0x00007ffcb076f000 	C:\Program Files\Unity\Hub\Editor\2021.3.18f1\Editor\Data\PlaybackEngines\AndroidPlayer\OpenJDK\jre\bin\verify.dll
0x00007ffc7c0a0000 - 0x00007ffc7c0c9000 	C:\Program Files\Unity\Hub\Editor\2021.3.18f1\Editor\Data\PlaybackEngines\AndroidPlayer\OpenJDK\jre\bin\java.dll
0x00007ffc914c0000 - 0x00007ffc914d6000 	C:\Program Files\Unity\Hub\Editor\2021.3.18f1\Editor\Data\PlaybackEngines\AndroidPlayer\OpenJDK\jre\bin\zip.dll

VM Arguments:
jvm_args: -Dfile.encoding=UTF-8 -Xmx4096M -Dcom.android.sdkmanager.toolsdir=C:\Program Files\Unity\Hub\Editor\2021.3.18f1\Editor\Data\PlaybackEngines\AndroidPlayer\SDK\tools -Dfile.encoding=UTF8 
java_command: C:/Program Files/Unity/Hub/Editor/2021.3.18f1/Editor/Data/PlaybackEngines/AndroidPlayer/Tools\sdktools.jar -
java_class_path (initial): C:/Program Files/Unity/Hub/Editor/2021.3.18f1/Editor/Data/PlaybackEngines/AndroidPlayer/Tools\sdktools.jar
Launcher Type: SUN_STANDARD

Environment Variables:
JAVA_HOME=C:\Program Files\Unity\Hub\Editor\2021.3.18f1\Editor\Data\PlaybackEngines\AndroidPlayer\OpenJDK
JAVA_TOOL_OPTIONS=-Dfile.encoding=UTF-8
PATH=C:\Program Files (x86)\Common Files\Oracle\Java\javapath;C:\Windows\system32;C:\Windows;C:\Windows\System32\Wbem;C:\Windows\System32\WindowsPowerShell\v1.0\;C:\Windows\System32\OpenSSH\;C:\Program Files (x86)\NVIDIA Corporation\PhysX\Common;C:\Program Files\dotnet\;C:\Program Files\Git\cmd;C:\Program Files\NVIDIA Corporation\NVIDIA NvDLISR;C:\Users\user\AppData\Local\Microsoft\WindowsApps;C:\Users\user\.dotnet\tools;C:\Users\user\AppData\Local\Programs\Microsoft VS Code\bin;D:\IntelliJ\IntelliJ IDEA Community Edition 2023.1\bin;;C:\Users\user\AppData\Local\GitHubDesktop\bin
USERNAME=Jesus
OS=Windows_NT
PROCESSOR_IDENTIFIER=Intel64 Family 6 Model 142 Stepping 10, GenuineIntel



---------------  S Y S T E M  ---------------

OS: Windows 10.0 , 64 bit Build 19041 (10.0.19041.3155)

CPU:total 8 (initial active 8) (4 cores per cpu, 2 threads per core) family 6 model 142 stepping 10, cmov, cx8, fxsr, mmx, sse, sse2, sse3, ssse3, sse4.1, sse4.2, popcnt, avx, avx2, aes, clmul, erms, 3dnowpref, lzcnt, ht, tsc, tscinvbit, bmi1, bmi2, adx

Memory: 4k page, physical 12495972k(3238444k free), swap 14593124k(5800k free)

vm_info: OpenJDK 64-Bit Server VM (25.71-b00) for windows-amd64 JRE (1.8.0-adoptopenjdk-_2018_05_19_00_59-b00), built on May 19 2018 01:02:12 by "jenkins" with MS VC++ 10.0 (VS2010)

time: Sat Jul 22 05:36:19 2023
elapsed time: 0 seconds (0d 0h 0m 0s)

